NOTE from PE     0: MPP_DOMAINS_SET_STACK_SIZE: stack size set to    32768.
 &MPP_IO_NML
 HEADER_BUFFER_VAL       =       16384,
 GLOBAL_FIELD_ON_ROOT_PE = T,
 IO_CLOCKS_ON    = F,
 SHUFFLE =           1,
 DEFLATE_LEVEL   =           5,
 CF_COMPLIANCE   = F
 /
NOTE from PE     0: MPP_IO_SET_STACK_SIZE: stack size set to     131072.
NOTE from PE     0: MPP_DOMAINS_SET_STACK_SIZE: stack size set to  1200000.
NOTE from PE     0: ======== Model being driven by MOM_driver ========
NOTE from PE     0: callTree: o Program MOM_main, MOM_driver.F90
 &OCEAN_SOLO_NML
 DATE_INIT       = 3*1, 3*0,
 CALENDAR        = NOLEAP          ,
 MONTHS  =           0,
 DAYS    =           0,
 HOURS   =          10,
 MINUTES =           0,
 SECONDS =           0,
 OCEAN_NTHREADS  =           1,
 USE_HYPER_THREAD        = F
 /
NOTE from PE     0: open_param_file: MOM_input has been opened successfully.
NOTE from PE     0: open_param_file: MOM_override has been opened successfully.

WARNING from PE     0: MOM_file_parser : ADIABATIC over-ridden.  Line: 'ADIABATIC = True' in file MOM_override.


WARNING from PE     0: MOM_file_parser : NIGLOBAL over-ridden.  Line: 'NIGLOBAL = 2000' in file MOM_override.


WARNING from PE     0: MOM_file_parser : NJGLOBAL over-ridden.  Line: 'NJGLOBAL = 2000' in file MOM_override.

 MOM_in domain decomposition
whalo =    3, ehalo =    3, shalo =    3, nhalo =    3
  X-AXIS =   80  80  80  80  80  80  80  80  80  80  80  80  80  80  80  80  80  80  80  80  80  80  80  80
             80
  Y-AXIS =   80  80  80  80  80  80  80  80  80  80  80  80  80  80  80  80  80  80  80  80  80  80  80  80
             80
 MOM_inc domain decomposition
whalo =    1, ehalo =    1, shalo =    1, nhalo =    1
  X-AXIS =   40  40  40  40  40  40  40  40  40  40  40  40  40  40  40  40  40  40  40  40  40  40  40  40
             40
  Y-AXIS =   40  40  40  40  40  40  40  40  40  40  40  40  40  40  40  40  40  40  40  40  40  40  40  40
             40
NOTE from PE     0: diag_manager_mod::diag_manager_init: prepend_date only supported when diag_manager_init is called with time_init present.
 MOM_in domain decomposition
whalo =    3, ehalo =    3, shalo =    3, nhalo =    3
  X-AXIS =   80  80  80  80  80  80  80  80  80  80  80  80  80  80  80  80  80  80  80  80  80  80  80  80
             80
  Y-AXIS =   80  80  80  80  80  80  80  80  80  80  80  80  80  80  80  80  80  80  80  80  80  80  80  80
             80
 MOM_in domain decomposition
whalo =    1, ehalo =    1, shalo =    1, nhalo =    1
  X-AXIS =   40  40  40  40  40  40  40  40  40  40  40  40  40  40  40  40  40  40  40  40  40  40  40  40
             40
  Y-AXIS =   40  40  40  40  40  40  40  40  40  40  40  40  40  40  40  40  40  40  40  40  40  40  40  40
             40

WARNING from PE     0: MOM_file_parser : LENLAT over-ridden.  Line: 'LENLAT = 4000.0' in file MOM_override.


WARNING from PE     0: MOM_file_parser : WESTLON over-ridden.  Line: 'WESTLON = -2000.0' in file MOM_override.


WARNING from PE     0: MOM_file_parser : LENLON over-ridden.  Line: 'LENLON = 4000.0' in file MOM_override.


WARNING from PE     0: MOM_file_parser : NK over-ridden.  Line: 'NK = 50' in file MOM_override.


WARNING from PE     0: MOM_file_parser : RHO_0 over-ridden.  Line: 'RHO_0 = 1027.0' in file MOM_override.

 MOM_in domain decomposition
whalo =    3, ehalo =    3, shalo =    3, nhalo =    3
  X-AXIS =   80  80  80  80  80  80  80  80  80  80  80  80  80  80  80  80  80  80  80  80  80  80  80  80
             80
  Y-AXIS =   80  80  80  80  80  80  80  80  80  80  80  80  80  80  80  80  80  80  80  80  80  80  80  80
             80
 MOM_in domain decomposition
whalo =    1, ehalo =    1, shalo =    1, nhalo =    1
  X-AXIS =   40  40  40  40  40  40  40  40  40  40  40  40  40  40  40  40  40  40  40  40  40  40  40  40
             40
  Y-AXIS =   40  40  40  40  40  40  40  40  40  40  40  40  40  40  40  40  40  40  40  40  40  40  40  40
             40
NOTE from PE     0: MPP_IO_SET_STACK_SIZE: stack size set to    4004001.
 MOM_in domain decomposition
whalo =    3, ehalo =    3, shalo =    3, nhalo =    3
  X-AXIS =   80  80  80  80  80  80  80  80  80  80  80  80  80  80  80  80  80  80  80  80  80  80  80  80
             80
  Y-AXIS =   80  80  80  80  80  80  80  80  80  80  80  80  80  80  80  80  80  80  80  80  80  80  80  80
             80
 MOM_in domain decomposition
whalo =    1, ehalo =    1, shalo =    1, nhalo =    1
  X-AXIS =   40  40  40  40  40  40  40  40  40  40  40  40  40  40  40  40  40  40  40  40  40  40  40  40
             40
  Y-AXIS =   40  40  40  40  40  40  40  40  40  40  40  40  40  40  40  40  40  40  40  40  40  40  40  40
             40
NOTE from PE     0: MOM_vert_friction: updateCFLtruncationValue set CFL limit to    0.000E+00
 MOM_in domain decomposition
whalo =    3, ehalo =    3, shalo =    3, nhalo =    3
  X-AXIS =   80  80  80  80  80  80  80  80  80  80  80  80  80  80  80  80  80  80  80  80  80  80  80  80
             80
  Y-AXIS =   80  80  80  80  80  80  80  80  80  80  80  80  80  80  80  80  80  80  80  80  80  80  80  80
             80
 MOM_in domain decomposition
whalo =    1, ehalo =    1, shalo =    1, nhalo =    1
  X-AXIS =   40  40  40  40  40  40  40  40  40  40  40  40  40  40  40  40  40  40  40  40  40  40  40  40
             40
  Y-AXIS =   40  40  40  40  40  40  40  40  40  40  40  40  40  40  40  40  40  40  40  40  40  40  40  40
             40
NOTE from PE     0: Segment run length determined from ocean_solo_nml.

WARNING from PE     0: Unused line in MOM_input : ISOTROPIC = False


WARNING from PE     0: Unused line in MOM_input : EQUATOR_REFERENCE = False


WARNING from PE     0: Unused line in MOM_input : GINT = 9.8E-03


WARNING from PE     0: Unused line in MOM_input : #OBC_COMPUTED_VORTICITY = True


WARNING from PE     0: Unused line in MOM_input : C_P = 3925.0


WARNING from PE     0: Unused line in MOM_input : KH_VEL_SCALE = 0.01


WARNING from PE     0: Unused line in MOM_input : SMAG_BI_CONST = 0.06


WARNING from PE     0: Unused line in MOM_input : KD = 0.0


WARNING from PE     0: Unused line in MOM_input : KD_MAX = 0.0


WARNING from PE     0: Unused line in MOM_input : KD_MIN = 0


WARNING from PE     0: Unused line in MOM_input : TKE_DECAY = 10.0


WARNING from PE     0: Unused line in MOM_input : BBL_MIXING_AS_MAX = False


WARNING from PE     0: Unused line in MOM_input : USE_LOTW_BBL_DIFFUSIVITY = False


WARNING from PE     0: Unused line in MOM_input : HENYEY_IGW_BACKGROUND = False


WARNING from PE     0: Unused line in MOM_input : N2_FLOOR_IOMEGA2 = 0.0


WARNING from PE     0: Unused line in MOM_input : INT_TIDE_DISSIPATION = False


WARNING from PE     0: Unused line in MOM_input : FLUXCONST = 0.5


WARNING from PE     0: Unused line in MOM_input : BOUND_SALINITY = True


WARNING from PE     0: Unused line in MOM_input : FRAZIL = False


WARNING from PE     0: Unused line in MOM_input : USER_CHANGE_DIFFUSIVITY = True


WARNING from PE     0: Unused line in MOM_input : USER_KD_FACTOR = 19


WARNING from PE     0: Unused line in MOM_input : USER_KD_DECAY_DIST = 100.0


WARNING from PE     0: Unused line in MOM_input : MAX_RINO_IT = 25


WARNING from PE     0: Unused line in MOM_input : USE_CONVECTION = FALSE


WARNING from PE     0: Unused line in MOM_input : PASSIVE = False


WARNING from PE     0: Unused line in MOM_input : KD_CONV = 100.0


WARNING from PE     0: Unused line in MOM_input : MAX_ENT_IT = 20


WARNING from PE     0: Unused line in MOM_input : TOLERANCE_ENT = 1.0E-05


WARNING from PE     0: Unused line in MOM_input : ARCHAIC_OMIP_FORCING_FILE = False


WARNING from PE     0: Unused line in MOM_override : #override WESTLAT = -2000.0

NOTE from PE     0: MPP_IO_SET_STACK_SIZE: stack size set to  200000000.
NOTE from PE     0: MPP_IO_SET_STACK_SIZE: stack size set to  200100000.
NOTE from PE     0: MPP_IO_SET_STACK_SIZE: stack size set to  204000000.
MOM Date      1/01/01 00:00:00      0: En 7.915211E-16, MaxCFL  0.00000, Mass 6.568249224738E+19
    Total Energy: 40E962A28972EB3C  5.1989079278430407E+04
    Total Mass:   6.5682492247377994E+19, Change:   0.0000000000000000E+00 Error:  0.00000E+00 ( 0.0E+00)
NOTE from PE     0: MOM_vert_friction: updateCFLtruncationValue set CFL limit to    1.528E-01
NOTE from PE     0: MOM_vert_friction: updateCFLtruncationValue set CFL limit to    2.778E-01
NOTE from PE     0: MOM_vert_friction: updateCFLtruncationValue set CFL limit to    3.750E-01
NOTE from PE     0: MOM_vert_friction: updateCFLtruncationValue set CFL limit to    4.444E-01
NOTE from PE     0: MOM_vert_friction: updateCFLtruncationValue set CFL limit to    4.861E-01
NOTE from PE     0: MOM_vert_friction: updateCFLtruncationValue set CFL limit to    5.000E-01
